[proxy:0:0@iitmc04n03] HYDU_create_process (./utils/launch/launch.c:556): execvp error on file ./odtm.exe (No such file or directory)
[proxy:0:0@iitmc04n03] HYDU_create_process (./utils/launch/launch.c:556): execvp error on file ./odtm.exe (No such file or directory)
[proxy:0:0@iitmc04n03] HYDU_create_process (./utils/launch/launch.c:556): execvp error on file ./odtm.exe (No such file or directory)
[proxy:0:0@iitmc04n03] HYDU_create_process (./utils/launch/launch.c:556): execvp error on file ./odtm.exe (No such file or directory)
[proxy:0:0@iitmc04n03] HYDU_create_process (./utils/launch/launch.c:556): execvp error on file ./odtm.exe (No such file or directory)
[proxy:0:0@iitmc04n03] HYDU_create_process (./utils/launch/launch.c:556): execvp error on file ./odtm.exe (No such file or directory)
[proxy:0:0@iitmc04n03] HYDU_create_process (./utils/launch/launch.c:556): execvp error on file ./odtm.exe (No such file or directory)
[proxy:0:0@iitmc04n03] HYDU_create_process (./utils/launch/launch.c:556): execvp error on file ./odtm.exe (No such file or directory)
[proxy:0:0@iitmc04n03] HYDU_create_process (./utils/launch/launch.c:556): execvp error on file ./odtm.exe (No such file or directory)
[proxy:0:0@iitmc04n03] HYDU_create_process (./utils/launch/launch.c:556): execvp error on file ./odtm.exe (No such file or directory)
[proxy:0:0@iitmc04n03] HYDU_create_process (./utils/launch/launch.c:556): execvp error on file ./odtm.exe (No such file or directory)
[proxy:0:0@iitmc04n03] HYDU_create_process (./utils/launch/launch.c:556): execvp error on file ./odtm.exe (No such file or directory)
[proxy:0:0@iitmc04n03] HYDU_create_process (./utils/launch/launch.c:556): execvp error on file ./odtm.exe (No such file or directory)
[proxy:0:0@iitmc04n03] HYDU_create_process (./utils/launch/launch.c:556): execvp error on file ./odtm.exe (No such file or directory)
[proxy:0:0@iitmc04n03] HYDU_create_process (./utils/launch/launch.c:556): execvp error on file ./odtm.exe (No such file or directory)
[proxy:0:0@iitmc04n03] HYDU_create_process (./utils/launch/launch.c:556): execvp error on file ./odtm.exe (No such file or directory)
[mpiexec@iitmc04n03] HYD_pmcd_pmiserv_send_signal (./pm/pmiserv/pmiserv_cb.c:239): assert (!closed) failed
[mpiexec@iitmc04n03] HYD_pmcd_pmiserv_send_signal (./pm/pmiserv/pmiserv_cb.c:239): assert (!closed) failed
[mpiexec@iitmc04n03] HYD_pmcd_pmiserv_send_signal (./pm/pmiserv/pmiserv_cb.c:239): assert (!closed) failed
[mpiexec@iitmc04n03] HYD_pmcd_pmiserv_send_signal (./pm/pmiserv/pmiserv_cb.c:239): assert (!closed) failed
[mpiexec@iitmc04n03] HYD_pmcd_pmiserv_send_signal (./pm/pmiserv/pmiserv_cb.c:239): assert (!closed) failed
[mpiexec@iitmc04n03] HYD_pmcd_pmiserv_send_signal (./pm/pmiserv/pmiserv_cb.c:239): assert (!closed) failed
[mpiexec@iitmc04n03] HYD_pmcd_pmiserv_send_signal (./pm/pmiserv/pmiserv_cb.c:239): assert (!closed) failed
[proxy:0:7@iitmc25n07] HYDU_create_process (./utils/launch/launch.c:556): execvp error on file ./odtm.exe (No such file or directory)
[proxy:0:7@iitmc25n07] HYDU_create_process (./utils/launch/launch.c:556): execvp error on file ./odtm.exe (No such file or directory)
[proxy:0:7@iitmc25n07] HYDU_create_process (./utils/launch/launch.c:556): execvp error on file ./odtm.exe (No such file or directory)
[proxy:0:7@iitmc25n07] HYDU_create_process (./utils/launch/launch.c:556): execvp error on file ./odtm.exe (No such file or directory)
[proxy:0:7@iitmc25n07] HYDU_create_process (./utils/launch/launch.c:556): execvp error on file ./odtm.exe (No such file or directory)
[proxy:0:7@iitmc25n07] HYDU_create_process (./utils/launch/launch.c:556): execvp error on file ./odtm.exe (No such file or directory)
[proxy:0:7@iitmc25n07] HYDU_create_process (./utils/launch/launch.c:556): execvp error on file ./odtm.exe (No such file or directory)
[proxy:0:7@iitmc25n07] HYDU_create_process (./utils/launch/launch.c:556): execvp error on file ./odtm.exe (No such file or directory)
[proxy:0:7@iitmc25n07] HYDU_create_process (./utils/launch/launch.c:556): execvp error on file ./odtm.exe (No such file or directory)
[proxy:0:7@iitmc25n07] HYDU_create_process (./utils/launch/launch.c:556): execvp error on file ./odtm.exe (No such file or directory)
[proxy:0:7@iitmc25n07] HYDU_create_process (./utils/launch/launch.c:556): execvp error on file ./odtm.exe (No such file or directory)
[proxy:0:1@iitmc14n22] HYDU_create_process (./utils/launch/launch.c:556): execvp error on file ./odtm.exe (No such file or directory)
[proxy:0:6@iitmc32n64] HYDU_create_process (./utils/launch/launch.c:556): execvp error on file ./odtm.exe (No such file or directory)
[proxy:0:4@iitmc29n37] HYDU_create_process (./utils/launch/launch.c:556): execvp error on file ./odtm.exe (No such file or directory)
[proxy:0:7@iitmc25n07] HYDU_create_process (./utils/launch/launch.c:556): execvp error on file ./odtm.exe (No such file or directory)
[proxy:0:1@iitmc14n22] HYDU_create_process (./utils/launch/launch.c:556): execvp error on file ./odtm.exe (No such file or directory)
[proxy:0:6@iitmc32n64] HYDU_create_process (./utils/launch/launch.c:556): execvp error on file ./odtm.exe (No such file or directory)
[proxy:0:4@iitmc29n37] HYDU_create_process (./utils/launch/launch.c:556): execvp error on file ./odtm.exe (No such file or directory)
[proxy:0:7@iitmc25n07] HYDU_create_process (./utils/launch/launch.c:556): execvp error on file ./odtm.exe (No such file or directory)
[proxy:0:1@iitmc14n22] HYDU_create_process (./utils/launch/launch.c:556): execvp error on file ./odtm.exe (No such file or directory)
[proxy:0:6@iitmc32n64] HYDU_create_process (./utils/launch/launch.c:556): execvp error on file ./odtm.exe (No such file or directory)
[proxy:0:4@iitmc29n37] HYDU_create_process (./utils/launch/launch.c:556): execvp error on file ./odtm.exe (No such file or directory)
[proxy:0:7@iitmc25n07] HYDU_create_process (./utils/launch/launch.c:556): execvp error on file ./odtm.exe (No such file or directory)
[proxy:0:1@iitmc14n22] HYDU_create_process (./utils/launch/launch.c:556): execvp error on file ./odtm.exe (No such file or directory)
[proxy:0:6@iitmc32n64] HYDU_create_process (./utils/launch/launch.c:556): execvp error on file ./odtm.exe (No such file or directory)
[proxy:0:4@iitmc29n37] HYDU_create_process (./utils/launch/launch.c:556): execvp error on file ./odtm.exe (No such file or directory)
[proxy:0:7@iitmc25n07] HYDU_create_process (./utils/launch/launch.c:556): [proxy:0:1@iitmc14n22] HYDU_create_process (./utils/launch/launch.c:556): execvp error on file ./odtm.exe (No such file or directory)
[proxy:0:6@iitmc32n64] HYDU_create_process (./utils/launch/launch.c:556): execvp error on file ./odtm.exe (No such file or directory)
[proxy:0:4@iitmc29n37] HYDU_create_process (./utils/launch/launch.c:556): execvp error on file ./odtm.exe (No such file or directory)
execvp error on file ./odtm.exe (No such file or directory)
[proxy:0:1@iitmc14n22] HYDU_create_process (./utils/launch/launch.c:556): execvp error on file ./odtm.exe (No such file or directory)
[proxy:0:6@iitmc32n64] HYDU_create_process (./utils/launch/launch.c:556): execvp error on file ./odtm.exe (No such file or directory)
[proxy:0:4@iitmc29n37] HYDU_create_process (./utils/launch/launch.c:556): execvp error on file ./odtm.exe (No such file or directory)
[proxy:0:7@iitmc25n07] HYDU_create_process (./utils/launch/launch.c:556): [proxy:0:1@iitmc14n22] HYDU_create_process (./utils/launch/launch.c:556): execvp error on file ./odtm.exe (No such file or directory)
[proxy:0:6@iitmc32n64] HYDU_create_process (./utils/launch/launch.c:556): execvp error on file ./odtm.exe (No such file or directory)
[proxy:0:4@iitmc29n37] HYDU_create_process (./utils/launch/launch.c:556): execvp error on file ./odtm.exe (No such file or directory)
execvp error on file ./odtm.exe (No such file or directory)
[proxy:0:1@iitmc14n22] HYDU_create_process (./utils/launch/launch.c:556): execvp error on file ./odtm.exe (No such file or directory)
[proxy:0:6@iitmc32n64] HYDU_create_process (./utils/launch/launch.c:556): execvp error on file ./odtm.exe (No such file or directory)
[proxy:0:4@iitmc29n37] HYDU_create_process (./utils/launch/launch.c:556): execvp error on file ./odtm.exe (No such file or directory)
[proxy:0:1@iitmc14n22] HYDU_create_process (./utils/launch/launch.c:556): execvp error on file ./odtm.exe (No such file or directory)
[proxy:0:6@iitmc32n64] HYDU_create_process (./utils/launch/launch.c:556): execvp error on file ./odtm.exe (No such file or directory)
[proxy:0:4@iitmc29n37] HYDU_create_process (./utils/launch/launch.c:556): execvp error on file ./odtm.exe (No such file or directory)
[proxy:0:1@iitmc14n22] HYDU_create_process (./utils/launch/launch.c:556): execvp error on file ./odtm.exe (No such file or directory)
[proxy:0:6@iitmc32n64] HYDU_create_process (./utils/launch/launch.c:556): execvp error on file ./odtm.exe (No such file or directory)
[proxy:0:4@iitmc29n37] HYDU_create_process (./utils/launch/launch.c:556): execvp error on file ./odtm.exe (No such file or directory)
[proxy:0:1@iitmc14n22] HYDU_create_process (./utils/launch/launch.c:556): execvp error on file ./odtm.exe (No such file or directory)
[proxy:0:6@iitmc32n64] HYDU_create_process (./utils/launch/launch.c:556): execvp error on file ./odtm.exe (No such file or directory)
[proxy:0:4@iitmc29n37] HYDU_create_process (./utils/launch/launch.c:556): execvp error on file ./odtm.exe (No such file or directory)
[proxy:0:1@iitmc14n22] HYDU_create_process (./utils/launch/launch.c:556): execvp error on file ./odtm.exe (No such file or directory)
[proxy:0:6@iitmc32n64] HYDU_create_process (./utils/launch/launch.c:556): execvp error on file ./odtm.exe (No such file or directory)
[proxy:0:4@iitmc29n37] HYDU_create_process (./utils/launch/launch.c:556): execvp error on file ./odtm.exe (No such file or directory)
[proxy:0:1@iitmc14n22] HYDU_create_process (./utils/launch/launch.c:556): execvp error on file ./odtm.exe (No such file or directory)
[proxy:0:6@iitmc32n64] HYDU_create_process (./utils/launch/launch.c:556): execvp error on file ./odtm.exe (No such file or directory)
[proxy:0:4@iitmc29n37] HYDU_create_process (./utils/launch/launch.c:556): execvp error on file ./odtm.exe (No such file or directory)
[proxy:0:1@iitmc14n22] HYDU_create_process (./utils/launch/launch.c:556): execvp error on file ./odtm.exe (No such file or directory)
[proxy:0:6@iitmc32n64] HYDU_create_process (./utils/launch/launch.c:556): execvp error on file ./odtm.exe (No such file or directory)
[proxy:0:4@iitmc29n37] HYDU_create_process (./utils/launch/launch.c:556): execvp error on file ./odtm.exe (No such file or directory)
[proxy:0:1@iitmc14n22] HYDU_create_process (./utils/launch/launch.c:556): [proxy:0:6@iitmc32n64] HYDU_create_process (./utils/launch/launch.c:556): [proxy:0:4@iitmc29n37] HYDU_create_process (./utils/launch/launch.c:556): execvp error on file ./odtm.exe (No such file or directory)
execvp error on file ./odtm.exe (No such file or directory)
execvp error on file ./odtm.exe (No such file or directory)
[proxy:0:1@iitmc14n22] HYDU_create_process (./utils/launch/launch.c:556): execvp error on file ./odtm.exe (No such file or directory)
[proxy:0:6@iitmc32n64] HYDU_create_process (./utils/launch/launch.c:556): execvp error on file ./odtm.exe (No such file or directory)
[proxy:0:4@iitmc29n37] HYDU_create_process (./utils/launch/launch.c:556): execvp error on file ./odtm.exe (No such file or directory)
[proxy:0:5@iitmc19n63] HYDU_create_process (./utils/launch/launch.c:556): execvp error on file ./odtm.exe (No such file or directory)
[proxy:0:5@iitmc19n63] HYDU_create_process (./utils/launch/launch.c:556): execvp error on file ./odtm.exe (No such file or directory)
[proxy:0:5@iitmc19n63] HYDU_create_process (./utils/launch/launch.c:556): execvp error on file ./odtm.exe (No such file or directory)
[proxy:0:5@iitmc19n63] HYDU_create_process (./utils/launch/launch.c:556): execvp error on file ./odtm.exe (No such file or directory)
[proxy:0:5@iitmc19n63] HYDU_create_process (./utils/launch/launch.c:556): execvp error on file ./odtm.exe (No such file or directory)
[proxy:0:5@iitmc19n63] HYDU_create_process (./utils/launch/launch.c:556): execvp error on file ./odtm.exe (No such file or directory)
[proxy:0:5@iitmc19n63] HYDU_create_process (./utils/launch/launch.c:556): execvp error on file ./odtm.exe (No such file or directory)
[proxy:0:5@iitmc19n63] HYDU_create_process (./utils/launch/launch.c:556): execvp error on file ./odtm.exe (No such file or directory)
[proxy:0:5@iitmc19n63] HYDU_create_process (./utils/launch/launch.c:556): execvp error on file ./odtm.exe (No such file or directory)
[proxy:0:5@iitmc19n63] HYDU_create_process (./utils/launch/launch.c:556): execvp error on file ./odtm.exe (No such file or directory)
[proxy:0:5@iitmc19n63] HYDU_create_process (./utils/launch/launch.c:556): execvp error on file ./odtm.exe (No such file or directory)
[proxy:0:5@iitmc19n63] HYDU_create_process (./utils/launch/launch.c:556): execvp error on file ./odtm.exe (No such file or directory)
[proxy:0:5@iitmc19n63] HYDU_create_process (./utils/launch/launch.c:556): execvp error on file ./odtm.exe (No such file or directory)
[proxy:0:5@iitmc19n63] HYDU_create_process (./utils/launch/launch.c:556): execvp error on file ./odtm.exe (No such file or directory)
[proxy:0:5@iitmc19n63] HYDU_create_process (./utils/launch/launch.c:556): execvp error on file ./odtm.exe (No such file or directory)
[proxy:0:5@iitmc19n63] HYDU_create_process (./utils/launch/launch.c:556): execvp error on file ./odtm.exe (No such file or directory)
[proxy:0:2@iitmc16n28] HYDU_create_process (./utils/launch/launch.c:556): execvp error on file ./odtm.exe (No such file or directory)
[proxy:0:2@iitmc16n28] HYDU_create_process (./utils/launch/launch.c:556): execvp error on file ./odtm.exe (No such file or directory)
[proxy:0:2@iitmc16n28] HYDU_create_process (./utils/launch/launch.c:556): execvp error on file ./odtm.exe (No such file or directory)
[proxy:0:2@iitmc16n28] HYDU_create_process (./utils/launch/launch.c:556): execvp error on file ./odtm.exe (No such file or directory)
[proxy:0:2@iitmc16n28] HYDU_create_process (./utils/launch/launch.c:556): execvp error on file ./odtm.exe (No such file or directory)
[proxy:0:2@iitmc16n28] HYDU_create_process (./utils/launch/launch.c:556): execvp error on file ./odtm.exe (No such file or directory)
[proxy:0:2@iitmc16n28] HYDU_create_process (./utils/launch/launch.c:556): execvp error on file ./odtm.exe (No such file or directory)
[proxy:0:2@iitmc16n28] HYDU_create_process (./utils/launch/launch.c:556): execvp error on file ./odtm.exe (No such file or directory)
[proxy:0:2@iitmc16n28] HYDU_create_process (./utils/launch/launch.c:556): execvp error on file ./odtm.exe (No such file or directory)
[proxy:0:2@iitmc16n28] HYDU_create_process (./utils/launch/launch.c:556): execvp error on file ./odtm.exe (No such file or directory)
[proxy:0:2@iitmc16n28] HYDU_create_process (./utils/launch/launch.c:556): execvp error on file ./odtm.exe (No such file or directory)
[proxy:0:2@iitmc16n28] HYDU_create_process (./utils/launch/launch.c:556): execvp error on file ./odtm.exe (No such file or directory)
[proxy:0:2@iitmc16n28] HYDU_create_process (./utils/launch/launch.c:556): execvp error on file ./odtm.exe (No such file or directory)
[proxy:0:2@iitmc16n28] HYDU_create_process (./utils/launch/launch.c:556): execvp error on file ./odtm.exe (No such file or directory)
[proxy:0:2@iitmc16n28] HYDU_create_process (./utils/launch/launch.c:556): execvp error on file ./odtm.exe (No such file or directory)
[proxy:0:2@iitmc16n28] HYDU_create_process (./utils/launch/launch.c:556): execvp error on file ./odtm.exe (No such file or directory)
[proxy:0:3@iitmc26n47] HYDU_create_process (./utils/launch/launch.c:556): execvp error on file ./odtm.exe (No such file or directory)
[proxy:0:3@iitmc26n47] HYDU_create_process (./utils/launch/launch.c:556): execvp error on file ./odtm.exe (No such file or directory)
[proxy:0:3@iitmc26n47] HYDU_create_process (./utils/launch/launch.c:556): execvp error on file ./odtm.exe (No such file or directory)
[proxy:0:3@iitmc26n47] HYDU_create_process (./utils/launch/launch.c:556): execvp error on file ./odtm.exe (No such file or directory)
[proxy:0:3@iitmc26n47] HYDU_create_process (./utils/launch/launch.c:556): execvp error on file ./odtm.exe (No such file or directory)
[proxy:0:3@iitmc26n47] HYDU_create_process (./utils/launch/launch.c:556): execvp error on file ./odtm.exe (No such file or directory)
[proxy:0:3@iitmc26n47] HYDU_create_process (./utils/launch/launch.c:556): execvp error on file ./odtm.exe (No such file or directory)
[proxy:0:3@iitmc26n47] HYDU_create_process (./utils/launch/launch.c:556): execvp error on file ./odtm.exe (No such file or directory)
[proxy:0:3@iitmc26n47] HYDU_create_process (./utils/launch/launch.c:556): execvp error on file ./odtm.exe (No such file or directory)
[proxy:0:3@iitmc26n47] HYDU_create_process (./utils/launch/launch.c:556): execvp error on file ./odtm.exe (No such file or directory)
[proxy:0:3@iitmc26n47] HYDU_create_process (./utils/launch/launch.c:556): execvp error on file ./odtm.exe (No such file or directory)
[proxy:0:3@iitmc26n47] HYDU_create_process (./utils/launch/launch.c:556): execvp error on file ./odtm.exe (No such file or directory)
[proxy:0:3@iitmc26n47] HYDU_create_process (./utils/launch/launch.c:556): execvp error on file ./odtm.exe (No such file or directory)
[proxy:0:3@iitmc26n47] HYDU_create_process (./utils/launch/launch.c:556): execvp error on file ./odtm.exe (No such file or directory)
[proxy:0:3@iitmc26n47] HYDU_create_process (./utils/launch/launch.c:556): execvp error on file ./odtm.exe (No such file or directory)
[proxy:0:3@iitmc26n47] HYDU_create_process (./utils/launch/launch.c:556): execvp error on file ./odtm.exe (No such file or directory)
